# JRE version: Java(TM) SE Runtime Environment (8.0_361) (build 1.8.0_361-b09)
# Java VM: Java HotSpot(TM) 64-Bit Server VM (25.361-b09 mixed mode bsd-amd64 compressed oops)
Heap:
 PSYoungGen      total 662016K, used 236574K [0x000000076ab00000, 0x0000000798600000, 0x00000007c0000000)
  eden space 599040K, 39% used [0x000000076ab00000,0x00000007792078d0,0x000000078f400000)
  from space 62976K, 0% used [0x0000000793000000,0x0000000793000000,0x0000000796d80000)
  to   space 61440K, 0% used [0x000000078f400000,0x000000078f400000,0x0000000793000000)
 ParOldGen       total 198144K, used 41020K [0x00000006c0000000, 0x00000006cc180000, 0x000000076ab00000)
  object space 198144K, 20% used [0x00000006c0000000,0x00000006c280f290,0x00000006cc180000)
 Metaspace       used 68106K, capacity 70426K, committed 70784K, reserved 1110016K
  class space    used 8959K, capacity 9482K, committed 9600K, reserved 1048576K
GC Heap History (10 events):
Event: 7,114 GC heap before
{Heap before GC invocations=7 (full 1):
 PSYoungGen      total 272896K, used 272887K [0x000000076ab00000, 0x0000000786880000, 0x00000007c0000000)
  eden space 262144K, 100% used [0x000000076ab00000,0x000000077ab00000,0x000000077ab00000)
  from space 10752K, 99% used [0x000000077ab00000,0x000000077b57ddf0,0x000000077b580000)
  to   space 35840K, 0% used [0x0000000784580000,0x0000000784580000,0x0000000786880000)
 ParOldGen       total 94208K, used 45222K [0x00000006c0000000, 0x00000006c5c00000, 0x000000076ab00000)
  object space 94208K, 48% used [0x00000006c0000000,0x00000006c2c29b68,0x00000006c5c00000)
 Metaspace       used 27854K, capacity 29062K, committed 29184K, reserved 1075200K
  class space    used 3241K, capacity 3495K, committed 3584K, reserved 1048576K
Event: 7,146 GC heap after
Heap after GC invocations=7 (full 1):
 PSYoungGen      total 399360K, used 35830K [0x000000076ab00000, 0x000000078e580000, 0x00000007c0000000)
  eden space 363520K, 0% used [0x000000076ab00000,0x000000076ab00000,0x0000000780e00000)
  from space 35840K, 99% used [0x0000000784580000,0x000000078687dbd8,0x0000000786880000)
  to   space 56832K, 0% used [0x0000000780e00000,0x0000000780e00000,0x0000000784580000)
 ParOldGen       total 94208K, used 69481K [0x00000006c0000000, 0x00000006c5c00000, 0x000000076ab00000)
  object space 94208K, 73% used [0x00000006c0000000,0x00000006c43da7f8,0x00000006c5c00000)
 Metaspace       used 27854K, capacity 29062K, committed 29184K, reserved 1075200K
  class space    used 3241K, capacity 3495K, committed 3584K, reserved 1048576K
}
Event: 7,146 GC heap before
{Heap before GC invocations=8 (full 2):
 PSYoungGen      total 399360K, used 35830K [0x000000076ab00000, 0x000000078e580000, 0x00000007c0000000)
  eden space 363520K, 0% used [0x000000076ab00000,0x000000076ab00000,0x0000000780e00000)
  from space 35840K, 99% used [0x0000000784580000,0x000000078687dbd8,0x0000000786880000)
  to   space 56832K, 0% used [0x0000000780e00000,0x0000000780e00000,0x0000000784580000)
 ParOldGen       total 94208K, used 69481K [0x00000006c0000000, 0x00000006c5c00000, 0x000000076ab00000)
  object space 94208K, 73% used [0x00000006c0000000,0x00000006c43da7f8,0x00000006c5c00000)
 Metaspace       used 27854K, capacity 29062K, committed 29184K, reserved 1075200K
  class space    used 3241K, capacity 3495K, committed 3584K, reserved 1048576K
Event: 7,222 GC heap after
Heap after GC invocations=8 (full 2):
 PSYoungGen      total 399360K, used 0K [0x000000076ab00000, 0x000000078e580000, 0x00000007c0000000)
  eden space 363520K, 0% used [0x000000076ab00000,0x000000076ab00000,0x0000000780e00000)
  from space 35840K, 0% used [0x0000000784580000,0x0000000784580000,0x0000000786880000)
  to   space 56832K, 0% used [0x0000000780e00000,0x0000000780e00000,0x0000000784580000)
 ParOldGen       total 226816K, used 87544K [0x00000006c0000000, 0x00000006cdd80000, 0x000000076ab00000)
  object space 226816K, 38% used [0x00000006c0000000,0x00000006c557e3b8,0x00000006cdd80000)
 Metaspace       used 27816K, capacity 28938K, committed 29184K, reserved 1075200K
  class space    used 3228K, capacity 3473K, committed 3584K, reserved 1048576K
}
Event: 12,762 GC heap before
{Heap before GC invocations=9 (full 2):
 PSYoungGen      total 399360K, used 363520K [0x000000076ab00000, 0x000000078e580000, 0x00000007c0000000)
  eden space 363520K, 100% used [0x000000076ab00000,0x0000000780e00000,0x0000000780e00000)
  from space 35840K, 0% used [0x0000000784580000,0x0000000784580000,0x0000000786880000)
  to   space 56832K, 0% used [0x0000000780e00000,0x0000000780e00000,0x0000000784580000)
 ParOldGen       total 226816K, used 87544K [0x00000006c0000000, 0x00000006cdd80000, 0x000000076ab00000)
  object space 226816K, 38% used [0x00000006c0000000,0x00000006c557e3b8,0x00000006cdd80000)
 Metaspace       used 45344K, capacity 47094K, committed 47360K, reserved 1091584K
  class space    used 5633K, capacity 6020K, committed 6144K, reserved 1048576K
Event: 12,790 GC heap after
Heap after GC invocations=9 (full 2):
 PSYoungGen      total 420352K, used 46034K [0x000000076ab00000, 0x0000000796d80000, 0x00000007c0000000)
  eden space 363520K, 0% used [0x000000076ab00000,0x000000076ab00000,0x0000000780e00000)
  from space 56832K, 81% used [0x0000000780e00000,0x0000000783af4840,0x0000000784580000)
  to   space 62976K, 0% used [0x0000000793000000,0x0000000793000000,0x0000000796d80000)
 ParOldGen       total 226816K, used 87552K [0x00000006c0000000, 0x00000006cdd80000, 0x000000076ab00000)
  object space 226816K, 38% used [0x00000006c0000000,0x00000006c55803b8,0x00000006cdd80000)
 Metaspace       used 45344K, capacity 47094K, committed 47360K, reserved 1091584K
  class space    used 5633K, capacity 6020K, committed 6144K, reserved 1048576K
}
Event: 12,882 GC heap before
{Heap before GC invocations=10 (full 2):
 PSYoungGen      total 420352K, used 60712K [0x000000076ab00000, 0x0000000796d80000, 0x00000007c0000000)
  eden space 363520K, 4% used [0x000000076ab00000,0x000000076b955af0,0x0000000780e00000)
  from space 56832K, 81% used [0x0000000780e00000,0x0000000783af4840,0x0000000784580000)
  to   space 62976K, 0% used [0x0000000793000000,0x0000000793000000,0x0000000796d80000)
 ParOldGen       total 226816K, used 87552K [0x00000006c0000000, 0x00000006cdd80000, 0x000000076ab00000)
  object space 226816K, 38% used [0x00000006c0000000,0x00000006c55803b8,0x00000006cdd80000)
 Metaspace       used 46652K, capacity 48436K, committed 48640K, reserved 1091584K
  class space    used 5889K, capacity 6259K, committed 6272K, reserved 1048576K
Event: 12,890 GC heap after
Heap after GC invocations=10 (full 2):
 PSYoungGen      total 662016K, used 13760K [0x000000076ab00000, 0x0000000798600000, 0x00000007c0000000)
  eden space 599040K, 0% used [0x000000076ab00000,0x000000076ab00000,0x000000078f400000)
  from space 62976K, 21% used [0x0000000793000000,0x0000000793d703c0,0x0000000796d80000)
  to   space 61440K, 0% used [0x000000078f400000,0x000000078f400000,0x0000000793000000)
 ParOldGen       total 226816K, used 87552K [0x00000006c0000000, 0x00000006cdd80000, 0x000000076ab00000)
  object space 226816K, 38% used [0x00000006c0000000,0x00000006c55803b8,0x00000006cdd80000)
 Metaspace       used 46652K, capacity 48436K, committed 48640K, reserved 1091584K
  class space    used 5889K, capacity 6259K, committed 6272K, reserved 1048576K
}
Event: 12,890 GC heap before
{Heap before GC invocations=11 (full 3):
 PSYoungGen      total 662016K, used 13760K [0x000000076ab00000, 0x0000000798600000, 0x00000007c0000000)
  eden space 599040K, 0% used [0x000000076ab00000,0x000000076ab00000,0x000000078f400000)
  from space 62976K, 21% used [0x0000000793000000,0x0000000793d703c0,0x0000000796d80000)
  to   space 61440K, 0% used [0x000000078f400000,0x000000078f400000,0x0000000793000000)
 ParOldGen       total 226816K, used 87552K [0x00000006c0000000, 0x00000006cdd80000, 0x000000076ab00000)
  object space 226816K, 38% used [0x00000006c0000000,0x00000006c55803b8,0x00000006cdd80000)
 Metaspace       used 46652K, capacity 48436K, committed 48640K, reserved 1091584K
  class space    used 5889K, capacity 6259K, committed 6272K, reserved 1048576K
Event: 13,006 GC heap after
Heap after GC invocations=11 (full 3):
 PSYoungGen      total 662016K, used 0K [0x000000076ab00000, 0x0000000798600000, 0x00000007c0000000)
  eden space 599040K, 0% used [0x000000076ab00000,0x000000076ab00000,0x000000078f400000)
  from space 62976K, 0% used [0x0000000793000000,0x0000000793000000,0x0000000796d80000)
  to   space 61440K, 0% used [0x000000078f400000,0x000000078f400000,0x0000000793000000)
 ParOldGen       total 198144K, used 41020K [0x00000006c0000000, 0x00000006cc180000, 0x000000076ab00000)
  object space 198144K, 20% used [0x00000006c0000000,0x00000006c280f290,0x00000006cc180000)
 Metaspace       used 46646K, capacity 48424K, committed 48640K, reserved 1091584K
  class space    used 5887K, capacity 6255K, committed 6272K, reserved 1048576K
}

